#
# There is insufficient memory for the Java Runtime Environment to continue.
# Native memory allocation (mmap) failed to map 132120576 bytes for Failed to commit area from 0x0000000083000000 to 0x000000008ae00000 of length 132120576.
# Possible reasons:
#   The system is out of physical RAM or swap space
#   The process is running with CompressedOops enabled, and the Java Heap may be blocking the growth of the native heap
# Possible solutions:
#   Reduce memory load on the system
#   Increase physical memory or swap space
#   Check if swap backing store is full
#   Decrease Java heap size (-Xmx/-Xms)
#   Decrease number of Java threads
#   Decrease Java thread stack sizes (-Xss)
#   Set larger code cache with -XX:ReservedCodeCacheSize=
# This output file may be truncated or incomplete.
#
#  Out of Memory Error (./src/hotspot/os/windows/os_windows.cpp:3303), pid=9316, tid=10764
#
# JRE version:  (11.0.9.1+11) (build )
# Java VM: OpenJDK 64-Bit Server VM (11.0.9.1+11-b1145.77, mixed mode, sharing, tiered, compressed oops, g1 gc, windows-amd64)
# No core dump will be written. Minidumps are not enabled by default on client versions of Windows
#

---------------  S U M M A R Y ------------

Command Line: org.jetbrains.git4idea.http.GitAskPassApp Username for 'https://github.com': 

Host: Intel(R) Core(TM) i5-3470 CPU @ 3.20GHz, 4 cores, 7G,  Windows 10 , 64 bit Build 18362 (10.0.18362.1645)
Time: Fri Aug 20 21:21:11 2021 Caucasus Standard Time elapsed time: 0.012138 seconds (0d 0h 0m 0s)

---------------  T H R E A D  ---------------

Current thread (0x0000029b9fe7b000):  JavaThread "Unknown thread" [_thread_in_vm, id=10764, stack(0x000000dfc4600000,0x000000dfc4700000)]

Stack: [0x000000dfc4600000,0x000000dfc4700000]
Native frames: (J=compiled Java code, j=interpreted, Vv=VM code, C=native code)
V  [jvm.dll+0x5edd9a]
V  [jvm.dll+0x7229c5]
V  [jvm.dll+0x723f1d]
V  [jvm.dll+0x7245d3]
V  [jvm.dll+0x2431b8]
V  [jvm.dll+0x5eb234]
V  [jvm.dll+0x5e0325]
V  [jvm.dll+0x2fe60b]
V  [jvm.dll+0x2fe57a]
V  [jvm.dll+0x2fe452]
V  [jvm.dll+0x303346]
V  [jvm.dll+0x34ba83]
V  [jvm.dll+0x34c186]
V  [jvm.dll+0x34bb83]
V  [jvm.dll+0x2d9218]
V  [jvm.dll+0x2da3c7]
V  [jvm.dll+0x701a67]
V  [jvm.dll+0x70325c]
V  [jvm.dll+0x359049]
V  [jvm.dll+0x6e552e]
V  [jvm.dll+0x3c1353]
V  [jvm.dll+0x3c3571]
C  [jli.dll+0x5373]
C  [ucrtbase.dll+0x210b2]
C  [KERNEL32.DLL+0x17c24]
C  [ntdll.dll+0x6d721]


---------------  P R O C E S S  ---------------

Threads class SMR info:
_java_thread_list=0x0000029b9fd25fc0, length=0, elements={
}

Java Threads: ( => current thread )

Other Threads:
  0x0000029b9fe94000 GCTaskThread "GC Thread#0" [stack: 0x000000dfc4700000,0x000000dfc4800000] [id=5544]
  0x0000029b9fec5800 ConcurrentGCThread "G1 Main Marker" [stack: 0x000000dfc4800000,0x000000dfc4900000] [id=4836]
  0x0000029b9fec8800 ConcurrentGCThread "G1 Conc#0" [stack: 0x000000dfc4900000,0x000000dfc4a00000] [id=7260]

[error occurred during error reporting (printing all threads), id 0xc0000005, EXCEPTION_ACCESS_VIOLATION (0xc0000005) at pc=0x00007ff84cc39807]

VM state:not at safepoint (not fully initialized)

VM Mutex/Monitor currently owned by a thread:  ([mutex/lock_event])
[0x0000029b9fe77870] Heap_lock - owner thread: 0x0000029b9fe7b000

Heap address: 0x0000000083000000, size: 2000 MB, Compressed Oops mode: Non-zero based: 0x0000000083000000
Narrow klass base: 0x0000000000000000, Narrow klass shift: 0

GC Heap History (0 events):
No events

Deoptimization events (0 events):
No events

Classes redefined (0 events):
No events

Internal exceptions (0 events):
No events

Events (1 events):
Event: 0.006 Loaded shared library C:\Program Files\JetBrains\PhpStorm 2020.3.2\jbr\bin\zip.dll


Dynamic libraries:
0x00007ff6d53e0000 - 0x00007ff6d53ea000 	C:\Program Files\JetBrains\PhpStorm 2020.3.2\jbr\bin\java.exe
0x00007ff87a360000 - 0x00007ff87a550000 	C:\WINDOWS\SYSTEM32\ntdll.dll
0x00007ff878780000 - 0x00007ff878832000 	C:\WINDOWS\System32\KERNEL32.DLL
0x00007ff877d20000 - 0x00007ff877fc6000 	C:\WINDOWS\System32\KERNELBASE.dll
0x00007ff877fd0000 - 0x00007ff8780ca000 	C:\WINDOWS\System32\ucrtbase.dll
0x00007ff871e90000 - 0x00007ff871ea7000 	C:\Program Files\JetBrains\PhpStorm 2020.3.2\jbr\bin\VCRUNTIME140.dll
0x00007ff8507b0000 - 0x00007ff8507c9000 	C:\Program Files\JetBrains\PhpStorm 2020.3.2\jbr\bin\jli.dll
0x00007ff878870000 - 0x00007ff878a04000 	C:\WINDOWS\System32\USER32.dll
0x00007ff877c40000 - 0x00007ff877c61000 	C:\WINDOWS\System32\win32u.dll
0x00007ff86a2b0000 - 0x00007ff86a534000 	C:\WINDOWS\WinSxS\amd64_microsoft.windows.common-controls_6595b64144ccf1df_6.0.18362.1679_none_9e7ff347e45cc1b7\COMCTL32.dll
0x00007ff878840000 - 0x00007ff878866000 	C:\WINDOWS\System32\GDI32.dll
0x00007ff879900000 - 0x00007ff87999e000 	C:\WINDOWS\System32\msvcrt.dll
0x00007ff877a50000 - 0x00007ff877be8000 	C:\WINDOWS\System32\gdi32full.dll
0x00007ff8780d0000 - 0x00007ff87816e000 	C:\WINDOWS\System32\msvcp_win.dll
0x00007ff8795c0000 - 0x00007ff8798f6000 	C:\WINDOWS\System32\combase.dll
0x00007ff879100000 - 0x00007ff87921f000 	C:\WINDOWS\System32\RPCRT4.dll
0x00007ff878380000 - 0x00007ff878404000 	C:\WINDOWS\System32\bcryptPrimitives.dll
0x00007ff878590000 - 0x00007ff8785be000 	C:\WINDOWS\System32\IMM32.DLL
0x00007ff854a60000 - 0x00007ff854afd000 	C:\Program Files\JetBrains\PhpStorm 2020.3.2\jbr\bin\msvcp140.dll
0x00007ff84c950000 - 0x00007ff84d41e000 	C:\Program Files\JetBrains\PhpStorm 2020.3.2\jbr\bin\server\jvm.dll
0x00007ff879290000 - 0x00007ff879333000 	C:\WINDOWS\System32\ADVAPI32.dll
0x00007ff878410000 - 0x00007ff8784a7000 	C:\WINDOWS\System32\sechost.dll
0x00007ff879280000 - 0x00007ff879288000 	C:\WINDOWS\System32\PSAPI.DLL
0x00007ff86f5a0000 - 0x00007ff86f5c4000 	C:\WINDOWS\SYSTEM32\WINMM.dll
0x00007ff864330000 - 0x00007ff864339000 	C:\WINDOWS\SYSTEM32\WSOCK32.dll
0x00007ff86ee60000 - 0x00007ff86ee6a000 	C:\WINDOWS\SYSTEM32\VERSION.dll
0x00007ff879550000 - 0x00007ff8795bf000 	C:\WINDOWS\System32\WS2_32.dll
0x00007ff86f570000 - 0x00007ff86f59d000 	C:\WINDOWS\SYSTEM32\WINMMBASE.dll
0x00007ff877bf0000 - 0x00007ff877c3a000 	C:\WINDOWS\System32\cfgmgr32.dll
0x00007ff877290000 - 0x00007ff8772a1000 	C:\WINDOWS\System32\kernel.appcore.dll
0x00007ff85c6c0000 - 0x00007ff85c6d1000 	C:\Program Files\JetBrains\PhpStorm 2020.3.2\jbr\bin\verify.dll
0x00007ff872f50000 - 0x00007ff873144000 	C:\WINDOWS\SYSTEM32\DBGHELP.DLL
0x00007ff872dd0000 - 0x00007ff872dfa000 	C:\WINDOWS\SYSTEM32\dbgcore.DLL
0x00007ff85c690000 - 0x00007ff85c6b9000 	C:\Program Files\JetBrains\PhpStorm 2020.3.2\jbr\bin\java.dll
0x00007ff8633c0000 - 0x00007ff8633cb000 	C:\Program Files\JetBrains\PhpStorm 2020.3.2\jbr\bin\jimage.dll
0x00007ff850790000 - 0x00007ff8507a8000 	C:\Program Files\JetBrains\PhpStorm 2020.3.2\jbr\bin\zip.dll

dbghelp: loaded successfully - version: 4.0.5 - missing functions: none
symbol engine: initialized successfully - sym options: 0x614 - pdb path: .;C:\Program Files\JetBrains\PhpStorm 2020.3.2\jbr\bin;C:\WINDOWS\SYSTEM32;C:\WINDOWS\WinSxS\amd64_microsoft.windows.common-controls_6595b64144ccf1df_6.0.18362.1679_none_9e7ff347e45cc1b7;C:\Program Files\JetBrains\PhpStorm 2020.3.2\jbr\bin\server

VM Arguments:
java_command: org.jetbrains.git4idea.http.GitAskPassApp Username for 'https://github.com': 
java_class_path (initial): C:/Program Files/JetBrains/PhpStorm 2020.3.2/plugins/git4idea/lib/git4idea-rt.jar;C:/Program Files/JetBrains/PhpStorm 2020.3.2/lib/xmlrpc-2.0.1.jar;C:/Program Files/JetBrains/PhpStorm 2020.3.2/lib/commons-codec-1.14.jar
Launcher Type: SUN_STANDARD

[Global flags]
     intx CICompilerCount                          = 3                                         {product} {ergonomic}
     uint ConcGCThreads                            = 1                                         {product} {ergonomic}
     uint G1ConcRefinementThreads                  = 4                                         {product} {ergonomic}
   size_t G1HeapRegionSize                         = 1048576                                   {product} {ergonomic}
    uintx GCDrainStackTargetSize                   = 64                                        {product} {ergonomic}
   size_t InitialHeapSize                          = 132120576                                 {product} {ergonomic}
   size_t MarkStackSize                            = 4194304                                   {product} {ergonomic}
   size_t MaxHeapSize                              = 2097152000                                {product} {ergonomic}
   size_t MinHeapDeltaBytes                        = 1048576                                   {product} {ergonomic}
    uintx NonNMethodCodeHeapSize                   = 5830732                                {pd product} {ergonomic}
    uintx NonProfiledCodeHeapSize                  = 122913754                              {pd product} {ergonomic}
    uintx ProfiledCodeHeapSize                     = 122913754                              {pd product} {ergonomic}
    uintx ReservedCodeCacheSize                    = 251658240                              {pd product} {ergonomic}
     bool SegmentedCodeCache                       = true                                      {product} {ergonomic}
     bool UseCompressedClassPointers               = true                                 {lp64_product} {ergonomic}
     bool UseCompressedOops                        = true                                 {lp64_product} {ergonomic}
     bool UseG1GC                                  = true                                      {product} {ergonomic}
     bool UseLargePagesIndividualAllocation        = false                                  {pd product} {ergonomic}

Logging:
Log output configuration:
 #0: stdout all=warning uptime,level,tags
 #1: stderr all=off uptime,level,tags

Environment Variables:
PATH=C:\Program Files\Git\mingw64\libexec\git-core;C:\Program Files\Git\mingw64\libexec\git-core;C:\Program Files\Git\mingw64\bin;C:\Program Files\Git\usr\bin;C:\Users\admin\bin;C:\Program Files (x86)\Common Files\Oracle\Java\javapath;C:\WINDOWS\system32;C:\WINDOWS;C:\WINDOWS\System32\Wbem;C:\WINDOWS\System32\WindowsPowerShell\v1.0;C:\WINDOWS\System32\OpenSSH;C:\Program Files (x86)\Common Files\Reallusion\CamSuite;C:\xampp\php;C:\ProgramData\ComposerSetup\bin;C:\Program Files\Git\cmd;C:\Program Files\nodejs;C:\ProgramData\chocolatey\bin;C:\Users\admin\AppData\Local\Microsoft\WindowsApps;C:\Users\admin\AppData\Roaming\Composer\vendor\bin;C:\Users\admin\AppData\Roaming\npm;C:\Program Files\JetBrains\PhpStorm 2020.3.2\bin
USERNAME=admin
DISPLAY=:0.0
LC_ALL=en_US.UTF-8
OS=Windows_NT
PROCESSOR_IDENTIFIER=Intel64 Family 6 Model 58 Stepping 9, GenuineIntel



---------------  S Y S T E M  ---------------

OS: Windows 10 , 64 bit Build 18362 (10.0.18362.1645)
OS uptime: 2 days 0:57 hours

CPU:total 4 (initial active 4) (4 cores per cpu, 1 threads per core) family 6 model 58 stepping 9, cmov, cx8, fxsr, mmx, sse, sse2, sse3, ssse3, sse4.1, sse4.2, popcnt, avx, aes, clmul, erms, tsc, tscinvbit, tscinv

Memory: 4k page, system-wide physical 7993M (2273M free)
TotalPageFile size 10984M (AvailPageFile size 51M)
current process WorkingSet (physical memory assigned to process): 9M, peak: 9M
current process commit charge ("private bytes"): 51M, peak: 177M

vm_info: OpenJDK 64-Bit Server VM (11.0.9.1+11-b1145.77) for windows-amd64 JRE (11.0.9.1+11-b1145.77), built on Jan 16 2021 05:14:13 by "" with MS VC++ 14.0 (VS2015)

END.
